<?xml version="1.0" encoding="UTF-8"?>
<!-- Generated by org.testng.reporters.JUnitXMLReporter -->
<testsuite ignored="0" hostname="Aichuroks-MacBook-Air.local" failures="0" tests="3" name="PopUpTest" time="0.121" errors="0" timestamp="2024-06-22T22:49:35 KGT">
  <testcase classname="com.automation.tests.BaseTest" name="@BeforeMethod setUp" time="0.027">
    <failure type="java.lang.NoClassDefFoundError" message="org/openqa/selenium/WebDriver">
      <![CDATA[java.lang.NoClassDefFoundError: org/openqa/selenium/WebDriver
at com.automation.tests.BaseTest.setUp(BaseTest.java:18)
at java.base/java.util.ArrayList.forEach(ArrayList.java:1511)
Caused by: java.lang.ClassNotFoundException: org.openqa.selenium.WebDriver
at java.base/jdk.internal.loader.BuiltinClassLoader.loadClass(BuiltinClassLoader.java:641)
at java.base/jdk.internal.loader.ClassLoaders$AppClassLoader.loadClass(ClassLoaders.java:188)
at java.base/java.lang.ClassLoader.loadClass(ClassLoader.java:521)
... 30 more
... Removed 28 stack frames]]>
    </failure>
  </testcase> <!-- @BeforeMethod setUp -->
  <testcase classname="com.automation.tests.BaseTest" name="@AfterMethod cleanUp" time="0.0">
    <skipped/>
  </testcase> <!-- @AfterMethod cleanUp -->
  <testcase classname="com.automation.tests.BaseTest" name="@BeforeMethod setUp" time="0.0">
    <skipped/>
  </testcase> <!-- @BeforeMethod setUp -->
  <testcase classname="com.automation.tests.BaseTest" name="@AfterMethod cleanUp" time="0.0">
    <skipped/>
  </testcase> <!-- @AfterMethod cleanUp -->
  <testcase classname="com.automation.tests.BaseTest" name="@BeforeMethod setUp" time="0.0">
    <skipped/>
  </testcase> <!-- @BeforeMethod setUp -->
  <testcase classname="com.automation.tests.BaseTest" name="@AfterMethod cleanUp" time="0.0">
    <skipped/>
  </testcase> <!-- @AfterMethod cleanUp -->
  <testcase classname="com.automation.tests.PopUpTest" name="verifyButtonWithoutEnteringEmail" time="0.001">
    <skipped/>
  </testcase> <!-- verifyButtonWithoutEnteringEmail -->
  <testcase classname="com.automation.tests.PopUpTest" name="verifyPresenceOfButton" time="0.0">
    <skipped/>
  </testcase> <!-- verifyPresenceOfButton -->
  <testcase classname="com.automation.tests.PopUpTest" name="verifyWorkingOfClosePopUp" time="0.0">
    <skipped/>
  </testcase> <!-- verifyWorkingOfClosePopUp -->
</testsuite> <!-- PopUpTest -->
